<?xml version="1.0" encoding="UTF-8"?>
<!-- Generated by org.testng.reporters.JUnitXMLReporter -->
<testsuite hostname="IVF111" ignored="0" name="Default test" tests="4" failures="0" timestamp="24 Jul 2018 14:59:17 GMT" time="32.554" errors="0">
  <testcase name="InvalidusernameTest" time="3.356" classname="com_Embrio_Test.LoginPageTest"/>
  <testcase name="InvalidPasswordTest" time="0.851" classname="com_Embrio_Test.LoginPageTest"/>
  <testcase name="ButtonEnableConditionTest" time="0.216" classname="com_Embrio_Test.LoginPageTest"/>
  <testcase name="LoginTest" time="2.694" classname="com_Embrio_Test.LoginPageTest"/>
</testsuite> <!-- Default test -->
