<?xml version="1.0" encoding="UTF-8"?>
<testng-results skipped="0" failed="0" ignored="0" total="4" passed="4">
  <reporter-output>
  </reporter-output>
  <suite name="Default suite" duration-ms="32554" started-at="2018-07-24T14:58:44Z" finished-at="2018-07-24T14:59:17Z">
    <groups>
    </groups>
    <test name="Default test" duration-ms="32554" started-at="2018-07-24T14:58:44Z" finished-at="2018-07-24T14:59:17Z">
      <class name="com_Embrio_Test.LoginPageTest">
        <test-method status="PASS" signature="setup()[pri:0, instance:com_Embrio_Test.LoginPageTest@41c2284a]" name="setup" is-config="true" duration-ms="7235" started-at="2018-07-24T20:28:44Z" finished-at="2018-07-24T20:28:51Z">
          <reporter-output>
          </reporter-output>
        </test-method> <!-- setup -->
        <test-method status="PASS" signature="InvalidusernameTest()[pri:1, instance:com_Embrio_Test.LoginPageTest@41c2284a]" name="InvalidusernameTest" duration-ms="3356" started-at="2018-07-24T20:28:51Z" finished-at="2018-07-24T20:28:55Z">
          <reporter-output>
          </reporter-output>
        </test-method> <!-- InvalidusernameTest -->
        <test-method status="PASS" signature="Teardown()[pri:0, instance:com_Embrio_Test.LoginPageTest@41c2284a]" name="Teardown" is-config="true" duration-ms="676" started-at="2018-07-24T20:28:55Z" finished-at="2018-07-24T20:28:55Z">
          <reporter-output>
          </reporter-output>
        </test-method> <!-- Teardown -->
        <test-method status="PASS" signature="setup()[pri:0, instance:com_Embrio_Test.LoginPageTest@41c2284a]" name="setup" is-config="true" duration-ms="5487" started-at="2018-07-24T20:28:55Z" finished-at="2018-07-24T20:29:01Z">
          <reporter-output>
          </reporter-output>
        </test-method> <!-- setup -->
        <test-method status="PASS" signature="InvalidPasswordTest()[pri:2, instance:com_Embrio_Test.LoginPageTest@41c2284a]" name="InvalidPasswordTest" duration-ms="851" started-at="2018-07-24T20:29:01Z" finished-at="2018-07-24T20:29:02Z">
          <reporter-output>
          </reporter-output>
        </test-method> <!-- InvalidPasswordTest -->
        <test-method status="PASS" signature="Teardown()[pri:0, instance:com_Embrio_Test.LoginPageTest@41c2284a]" name="Teardown" is-config="true" duration-ms="670" started-at="2018-07-24T20:29:02Z" finished-at="2018-07-24T20:29:02Z">
          <reporter-output>
          </reporter-output>
        </test-method> <!-- Teardown -->
        <test-method status="PASS" signature="setup()[pri:0, instance:com_Embrio_Test.LoginPageTest@41c2284a]" name="setup" is-config="true" duration-ms="4969" started-at="2018-07-24T20:29:02Z" finished-at="2018-07-24T20:29:07Z">
          <reporter-output>
          </reporter-output>
        </test-method> <!-- setup -->
        <test-method status="PASS" signature="ButtonEnableConditionTest()[pri:3, instance:com_Embrio_Test.LoginPageTest@41c2284a]" name="ButtonEnableConditionTest" duration-ms="216" started-at="2018-07-24T20:29:07Z" finished-at="2018-07-24T20:29:08Z">
          <reporter-output>
          </reporter-output>
        </test-method> <!-- ButtonEnableConditionTest -->
        <test-method status="PASS" signature="Teardown()[pri:0, instance:com_Embrio_Test.LoginPageTest@41c2284a]" name="Teardown" is-config="true" duration-ms="666" started-at="2018-07-24T20:29:08Z" finished-at="2018-07-24T20:29:08Z">
          <reporter-output>
          </reporter-output>
        </test-method> <!-- Teardown -->
        <test-method status="PASS" signature="setup()[pri:0, instance:com_Embrio_Test.LoginPageTest@41c2284a]" name="setup" is-config="true" duration-ms="5032" started-at="2018-07-24T20:29:08Z" finished-at="2018-07-24T20:29:13Z">
          <reporter-output>
          </reporter-output>
        </test-method> <!-- setup -->
        <test-method status="PASS" signature="LoginTest()[pri:4, instance:com_Embrio_Test.LoginPageTest@41c2284a]" name="LoginTest" duration-ms="2694" started-at="2018-07-24T20:29:13Z" finished-at="2018-07-24T20:29:16Z">
          <reporter-output>
          </reporter-output>
        </test-method> <!-- LoginTest -->
        <test-method status="PASS" signature="Teardown()[pri:0, instance:com_Embrio_Test.LoginPageTest@41c2284a]" name="Teardown" is-config="true" duration-ms="666" started-at="2018-07-24T20:29:16Z" finished-at="2018-07-24T20:29:17Z">
          <reporter-output>
          </reporter-output>
        </test-method> <!-- Teardown -->
      </class> <!-- com_Embrio_Test.LoginPageTest -->
    </test> <!-- Default test -->
  </suite> <!-- Default suite -->
</testng-results>
